
**** Build of configuration Debug for project FR6989_1 ****

"C:\\ti\\ccs1110\\ccs\\utils\\bin\\gmake" -k -j 8 all -O 
 
Building file: "../FR6989_LEDs.c"
Invoking: MSP430 Compiler
"C:/ti/ccs1110/ccs/tools/compiler/ti-cgt-msp430_21.6.0.LTS/bin/cl430" -vmspx --code_model=small --data_model=small -O0 --use_hw_mpy=F5 --include_path="C:/ti/ccs1110/ccs/ccs_base/msp430/include" --include_path="C:/Users/d_oti/Desktop/CPE325/FR6989_1" --include_path="C:/ti/ccs1110/ccs/tools/compiler/ti-cgt-msp430_21.6.0.LTS/include" --advice:power="all" --advice:hw_config="all" --define=__MSP430FR6989__ --define=_MPU_ENABLE -g --printf_support=full --diag_warning=225 --diag_wrap=off --display_error_number --silicon_errata=CPU21 --silicon_errata=CPU22 --silicon_errata=CPU40 --asm_listing --preproc_with_compile --preproc_dependency="FR6989_LEDs.d_raw"  "../FR6989_LEDs.c"
"../FR6989_LEDs.c", line 101: warning #112-D: statement is unreachable
"../FR6989_LEDs.c", line 59: remark #1540-D: (ULP 11.2) Assignment of higher bits (constants) to "PEOUT_L" within a loop. Recommend using lower 4 bits to allow use of constant generators
"../FR6989_LEDs.c", line 87: remark #1540-D: (ULP 11.2) Assignment of higher bits (constants) to "PEOUT_L" within a loop. Recommend using lower 4 bits to allow use of constant generators
"../FR6989_LEDs.c", line 96: remark #1540-D: (ULP 11.2) Assignment of higher bits (constants) to "PEOUT_L" within a loop. Recommend using lower 4 bits to allow use of constant generators
"../FR6989_LEDs.c", line 35: remark #1527-D: (ULP 2.1) Detected SW delay loop using empty loop. Recommend using a timer module instead
"../FR6989_LEDs.c", line 46: remark #1527-D: (ULP 2.1) Detected SW delay loop using __delay_cycles. Recommend using a timer module instead
"../FR6989_LEDs.c", line 54: remark #1527-D: (ULP 2.1) Detected SW delay loop using empty loop. Recommend using a timer module instead
"../FR6989_LEDs.c", line 65: remark #1527-D: (ULP 2.1) Detected SW delay loop using __delay_cycles. Recommend using a timer module instead
"../FR6989_LEDs.c", line 74: remark #1527-D: (ULP 2.1) Detected SW delay loop using empty loop. Recommend using a timer module instead
"../FR6989_LEDs.c", line 84: remark #1527-D: (ULP 2.1) Detected SW delay loop using __delay_cycles. Recommend using a timer module instead
"../FR6989_LEDs.c", line 88: remark #1527-D: (ULP 2.1) Detected SW delay loop using __delay_cycles. Recommend using a timer module instead
Finished building: "../FR6989_LEDs.c"
 
Building target: "FR6989_1.out"
Invoking: MSP430 Linker
"C:/ti/ccs1110/ccs/tools/compiler/ti-cgt-msp430_21.6.0.LTS/bin/cl430" -vmspx --code_model=small --data_model=small -O0 --use_hw_mpy=F5 --advice:power="all" --advice:hw_config="all" --define=__MSP430FR6989__ --define=_MPU_ENABLE -g --printf_support=full --diag_warning=225 --diag_wrap=off --display_error_number --silicon_errata=CPU21 --silicon_errata=CPU22 --silicon_errata=CPU40 --asm_listing -z -m"FR6989_1.map" --heap_size=160 --stack_size=160 --cinit_hold_wdt=on -i"C:/ti/ccs1110/ccs/ccs_base/msp430/include" -i"C:/ti/ccs1110/ccs/ccs_base/msp430/lib/5xx_6xx_FRxx" -i"C:/ti/ccs1110/ccs/ccs_base/msp430/lib/FR59xx" -i"C:/ti/ccs1110/ccs/tools/compiler/ti-cgt-msp430_21.6.0.LTS/lib" -i"C:/ti/ccs1110/ccs/tools/compiler/ti-cgt-msp430_21.6.0.LTS/include" --priority --reread_libs --define=_MPU_ENABLE --diag_wrap=off --display_error_number --warn_sections --xml_link_info="FR6989_1_linkInfo.xml" --use_hw_mpy=F5 --rom_model -o "FR6989_1.out" "./FR6989_LEDs.obj" "../lnk_msp430fr6989.cmd"  -llibmpu_init.a -llibmath.a -llibc.a 
<Linking>
remark #10371-D: (ULP 1.1) Detected no uses of low power mode state changing instructions
remark #10372-D: (ULP 4.1) Detected uninitialized Port A in this project. Recommend initializing all unused ports to eliminate wasted current consumption on unused pins.
remark #10372-D: (ULP 4.1) Detected uninitialized Port B in this project. Recommend initializing all unused ports to eliminate wasted current consumption on unused pins.
remark #10372-D: (ULP 4.1) Detected uninitialized Port C in this project. Recommend initializing all unused ports to eliminate wasted current consumption on unused pins.
remark #10372-D: (ULP 4.1) Detected uninitialized Port D in this project. Recommend initializing all unused ports to eliminate wasted current consumption on unused pins.
remark #10372-D: (ULP 4.1) Detected uninitialized Port E in this project. Recommend initializing all unused ports to eliminate wasted current consumption on unused pins.
Finished building target: "FR6989_1.out"
 

**** Build Finished ****
