
**** Build of configuration Debug for project Lab07_Q1 ****

"C:\\ti\\ccs1110\\ccs\\utils\\bin\\gmake" -k -j 8 all -O 
 
Building file: "../Q1_Brights.c"
Invoking: MSP430 Compiler
"C:/ti/ccs1110/ccs/tools/compiler/ti-cgt-msp430_21.6.0.LTS/bin/cl430" -vmsp --data_model=small -Ooff --use_hw_mpy=16 --include_path="C:/ti/ccs1110/ccs/ccs_base/msp430/include" --include_path="C:/Users/d_oti/Desktop/CPE325/Lab07_Q1" --include_path="C:/ti/ccs1110/ccs/tools/compiler/ti-cgt-msp430_21.6.0.LTS/include" --advice:power=all --define=__MSP430FG4618__ -g --printf_support=full --diag_warning=225 --diag_wrap=off --display_error_number --silicon_errata=CPU19 --asm_listing --preproc_with_compile --preproc_dependency="Q1_Brights.d_raw"  "../Q1_Brights.c"
"../Q1_Brights.c", line 36: remark #1527-D: (ULP 2.1) Detected SW delay loop using __delay_cycles. Recommend using a timer module instead
"../Q1_Brights.c", line 46: remark #1527-D: (ULP 2.1) Detected SW delay loop using __delay_cycles. Recommend using a timer module instead
"../Q1_Brights.c", line 60: remark #2553-D: (ULP 14.1) Array index (involving "level") of type "int". Recommend using "unsigned int"
Finished building: "../Q1_Brights.c"
 
Building target: "Lab07_Q1.out"
Invoking: MSP430 Linker
"C:/ti/ccs1110/ccs/tools/compiler/ti-cgt-msp430_21.6.0.LTS/bin/cl430" -vmsp --data_model=small -Ooff --use_hw_mpy=16 --advice:power=all --define=__MSP430FG4618__ -g --printf_support=full --diag_warning=225 --diag_wrap=off --display_error_number --silicon_errata=CPU19 --asm_listing -z -m"Lab07_Q1.map" --heap_size=160 --stack_size=160 --cinit_hold_wdt=on -i"C:/ti/ccs1110/ccs/ccs_base/msp430/include" -i"C:/ti/ccs1110/ccs/tools/compiler/ti-cgt-msp430_21.6.0.LTS/lib" -i"C:/ti/ccs1110/ccs/tools/compiler/ti-cgt-msp430_21.6.0.LTS/include" --reread_libs --diag_wrap=off --display_error_number --warn_sections --xml_link_info="Lab07_Q1_linkInfo.xml" --use_hw_mpy=16 --rom_model -o "Lab07_Q1.out" "./Q1_Brights.obj" "../lnk_msp430fg4618.cmd"  -llibc.a 
<Linking>
remark #10372-D: (ULP 4.1) Detected uninitialized Port 1 in this project. Recommend initializing all unused ports to eliminate wasted current consumption on unused pins.
remark #10372-D: (ULP 4.1) Detected uninitialized Port 3 in this project. Recommend initializing all unused ports to eliminate wasted current consumption on unused pins.
remark #10372-D: (ULP 4.1) Detected uninitialized Port 4 in this project. Recommend initializing all unused ports to eliminate wasted current consumption on unused pins.
remark #10372-D: (ULP 4.1) Detected uninitialized Port 5 in this project. Recommend initializing all unused ports to eliminate wasted current consumption on unused pins.
remark #10372-D: (ULP 4.1) Detected uninitialized Port 6 in this project. Recommend initializing all unused ports to eliminate wasted current consumption on unused pins.
remark #10372-D: (ULP 4.1) Detected uninitialized Port 7 in this project. Recommend initializing all unused ports to eliminate wasted current consumption on unused pins.
remark #10372-D: (ULP 4.1) Detected uninitialized Port 8 in this project. Recommend initializing all unused ports to eliminate wasted current consumption on unused pins.
remark #10372-D: (ULP 4.1) Detected uninitialized Port 9 in this project. Recommend initializing all unused ports to eliminate wasted current consumption on unused pins.
remark #10372-D: (ULP 4.1) Detected uninitialized Port 10 in this project. Recommend initializing all unused ports to eliminate wasted current consumption on unused pins.
remark #10372-D: (ULP 4.1) Detected uninitialized Port A in this project. Recommend initializing all unused ports to eliminate wasted current consumption on unused pins.
remark #10372-D: (ULP 4.1) Detected uninitialized Port B in this project. Recommend initializing all unused ports to eliminate wasted current consumption on unused pins.
Finished building target: "Lab07_Q1.out"
 

**** Build Finished ****
